<?xml version="1.0" encoding="UTF-8"?>
<!-- Generated by org.testng.reporters.JUnitReportReporter -->
<testsuite hostname="Shashank-PC" name="postRequest.PostData" tests="1" failures="0" timestamp="10 Jul 2019 17:42:59 GMT" time="2.429" errors="0">
  <testcase name="test" time="2.429" classname="postRequest.PostData"/>
</testsuite> <!-- postRequest.PostData -->
