<?xml version="1.0" encoding="UTF-8"?>
<!-- Generated by org.testng.reporters.JUnitReportReporter -->
<testsuite hostname="Shashank-PC" name="getRequest.GetData" tests="2" failures="0" timestamp="9 Jul 2019 14:45:45 GMT" time="626.910" errors="0">
  <testcase name="testResponsecode" time="617.568" classname="getRequest.GetData"/>
  <testcase name="testBody" time="9.342" classname="getRequest.GetData"/>
</testsuite> <!-- getRequest.GetData -->
