<?xml version="1.0" encoding="UTF-8"?>
<!-- Generated by org.testng.reporters.JUnitReportReporter -->
<testsuite hostname="Shashank-PC" name="postDeletePutRequest.PostData" tests="3" failures="0" timestamp="10 Jul 2019 18:00:10 GMT" time="2.187" errors="0">
  <testcase name="testPost" time="2.115" classname="postDeletePutRequest.PostData"/>
  <testcase name="testDelete" time="0.032" classname="postDeletePutRequest.PostData"/>
  <testcase name="testPut" time="0.040" classname="postDeletePutRequest.PostData"/>
</testsuite> <!-- postDeletePutRequest.PostData -->
